[debug] > Exec(early(addDefaultCommands), None, None)
[debug] > Exec(addDefaultCommands, None, None)
[debug] > Exec(early(initialize), None, None)
[debug] > Exec(initialize, None, None)
[debug] > Exec(boot, None, None)
[debug] > Exec(writeSbtVersion, None, None)
[info] Updated file /home/ilya/data-pipelines/hw-4/project/build.properties: set sbt.version to 1.12.0
[debug] > Exec(reload, None, None)
[debug] > Exec(sbtStashOnFailure, None, None)
[debug] > Exec(onFailure loadFailed, None, None)
[debug] > Exec(loadp, None, None)
[info] welcome to sbt 1.12.0 (Arch Linux Java 17.0.18)
[debug] Load.defaultLoad until apply took 124.853865ms
[debug]                 Load.loadUnit: plugins took 86.481004ms
[debug]                 Load.loadUnit: defsScala took 0.34987ms
[debug] [Loading] Scanning directory /home/ilya/data-pipelines/hw-4/project/project
[debug]                   Load.loadUnit: mkEval took 4.790293ms
[debug] [Loading] Found non-root projects 
[debug] [Loading] Done in /home/ilya/data-pipelines/hw-4/project/project, returning: ()
[debug] deducing auto plugins based on known facts Set(Atom(sbt.plugins.CorePlugin)) and clauses Clauses(Clause(Atom(sbt.plugins.JvmPlugin),Set(Atom(sbt.plugins.IvyPlugin)))
[debug] Clause(Atom(sbt.ScriptedPlugin),Set(Atom(sbt.plugins.JvmPlugin)))
[debug] Clause(Atom(sbt.plugins.SbtPlugin),Set(Atom(sbt.ScriptedPlugin)))
[debug] Clause(Atom(sbt.plugins.SemanticdbPlugin),Set(Atom(sbt.plugins.JvmPlugin)))
[debug] Clause(Atom(sbt.plugins.JUnitXmlReportPlugin),Set(Atom(sbt.plugins.JvmPlugin)))
[debug] Clause(Atom(sbt.plugins.MiniDependencyTreePlugin),Set(Atom(sbt.plugins.JvmPlugin)))
[debug] Clause(Atom(sbt.plugins.CorePlugin),Set(Atom(sbt.plugins.IvyPlugin)))
[debug] Clause(Atom(sbt.plugins.IvyPlugin),Set(Atom(sbt.plugins.JvmPlugin)))
[debug] Clause(Atom(sbt.plugins.JvmPlugin),Set(Atom(sbt.plugins.SemanticdbPlugin)))
[debug] Clause(Atom(sbt.plugins.JvmPlugin),Set(Atom(sbt.plugins.JUnitXmlReportPlugin)))
[debug] Clause(Atom(sbt.plugins.CorePlugin),Set(Atom(sbt.plugins.Giter8TemplatePlugin)))
[debug] Clause(Atom(sbt.plugins.JvmPlugin),Set(Atom(sbt.plugins.MiniDependencyTreePlugin))))
[debug]   :: deduced result: Matched(sbt.plugins.CorePlugin,sbt.plugins.Giter8TemplatePlugin,sbt.plugins.IvyPlugin,sbt.plugins.JvmPlugin,sbt.plugins.MiniDependencyTreePlugin,sbt.plugins.JUnitXmlReportPlugin,sbt.plugins.SemanticdbPlugin)
[debug] Plugins.deducer#function took 12.01675 ms
[info] loading settings for project hw-4-build-build from metals.sbt...
[debug]                     Load.resolveProject(hw-4-build-build) took 36.182931ms
[debug]                   Load.loadTransitive: finalizeProject(Project(id hw-4-build-build, base: /home/ilya/data-pipelines/hw-4/project/project, plugins: List(<none>))) took 53.532928ms
[debug] [Loading] Done in /home/ilya/data-pipelines/hw-4/project/project, returning: (hw-4-build-build)
[debug]                 Load.loadUnit: loadedProjectsRaw took 1762.563963ms
[debug]                 Load.loadUnit: cleanEvalClasses took 4.392449ms
[debug]               Load.loadUnit(file:/home/ilya/data-pipelines/hw-4/project/project/, ...) took 1859.877951ms
[debug]             Load.apply: load took 1954.301968ms
[debug]             Load.apply: resolveProjects took 3.627682ms
[debug]             Load.apply: finalTransforms took 53.715948ms
[debug]             Load.apply: config.delegates took 7.535059ms
[debug]             Load.apply: Def.make(settings)... took 353.50088ms
[debug]             Load.apply: structureIndex took 89.042041ms
[debug]             Load.apply: mkStreams took 2.116771ms
[info] loading project definition from /home/ilya/data-pipelines/hw-4/project/project
[debug] Running task... Cancel: Signal, check cycles: false, forcegc: true
[debug]           Load.loadUnit: plugins took 6779.244973ms
[debug]           Load.loadUnit: defsScala took 0.005544ms
[debug] [Loading] Scanning directory /home/ilya/data-pipelines/hw-4/project
[debug]             Load.loadUnit: mkEval took 0.258392ms
[debug] [Loading] Found non-root projects 
[debug] [Loading] Done in /home/ilya/data-pipelines/hw-4/project, returning: ()
[debug] deducing auto plugins based on known facts Set(Atom(sbt.plugins.CorePlugin)) and clauses Clauses(Clause(Atom(sbt.plugins.JvmPlugin),Set(Atom(sbt.plugins.IvyPlugin)))
[debug] Clause(Atom(sbt.ScriptedPlugin),Set(Atom(sbt.plugins.JvmPlugin)))
[debug] Clause(Atom(sbt.plugins.SbtPlugin),Set(Atom(sbt.ScriptedPlugin)))
[debug] Clause(Atom(sbt.plugins.SemanticdbPlugin),Set(Atom(sbt.plugins.JvmPlugin)))
[debug] Clause(Atom(sbt.plugins.JUnitXmlReportPlugin),Set(Atom(sbt.plugins.JvmPlugin)))
[debug] Clause(Atom(sbt.plugins.MiniDependencyTreePlugin),Set(Atom(sbt.plugins.JvmPlugin)))
[debug] Clause(Atom(bloop.integrations.sbt.BloopPlugin),Set(Atom(sbt.plugins.JvmPlugin)))
[debug] Clause(Atom(sbt.plugins.CorePlugin),Set(Atom(sbt.plugins.IvyPlugin)))
[debug] Clause(Atom(sbt.plugins.IvyPlugin),Set(Atom(sbt.plugins.JvmPlugin)))
[debug] Clause(Atom(sbt.plugins.JvmPlugin),Set(Atom(sbt.plugins.SemanticdbPlugin)))
[debug] Clause(Atom(sbt.plugins.JvmPlugin),Set(Atom(sbt.plugins.JUnitXmlReportPlugin)))
[debug] Clause(Atom(sbt.plugins.CorePlugin),Set(Atom(sbt.plugins.Giter8TemplatePlugin)))
[debug] Clause(Atom(sbt.plugins.JvmPlugin),Set(Atom(sbt.plugins.MiniDependencyTreePlugin)))
[debug] Clause(Atom(sbt.plugins.JvmPlugin),Set(Atom(bloop.integrations.sbt.BloopPlugin))))
[debug]   :: deduced result: Matched(sbt.plugins.CorePlugin,sbt.plugins.Giter8TemplatePlugin,sbt.plugins.IvyPlugin,sbt.plugins.JvmPlugin,bloop.integrations.sbt.BloopPlugin,sbt.plugins.MiniDependencyTreePlugin,sbt.plugins.JUnitXmlReportPlugin,sbt.plugins.SemanticdbPlugin)
[debug] Plugins.deducer#function took 1.40269 ms
[info] loading settings for project hw-4-build from metals.sbt...
[debug]               Load.resolveProject(hw-4-build) took 19.698804ms
[debug]             Load.loadTransitive: finalizeProject(Project(id hw-4-build, base: /home/ilya/data-pipelines/hw-4/project, plugins: List(<none>))) took 21.598284ms
[debug] [Loading] Done in /home/ilya/data-pipelines/hw-4/project, returning: (hw-4-build)
[debug]           Load.loadUnit: loadedProjectsRaw took 412.956361ms
[debug]           Load.loadUnit: cleanEvalClasses took 0.34571ms
[debug]         Load.loadUnit(file:/home/ilya/data-pipelines/hw-4/project/, ...) took 7193.190162ms
[debug]       Load.apply: load took 7194.665283ms
[debug]       Load.apply: resolveProjects took 0.149979ms
[debug]       Load.apply: finalTransforms took 10.347915ms
[debug]       Load.apply: config.delegates took 0.301091ms
[debug]       Load.apply: Def.make(settings)... took 96.119141ms
[debug]       Load.apply: structureIndex took 31.194186ms
[debug]       Load.apply: mkStreams took 0.002885ms
[info] loading project definition from /home/ilya/data-pipelines/hw-4/project
[debug] Evaluating tasks: bloopInstall
[debug] Running task... Cancel: Signal, check cycles: false, forcegc: true
